Flow report for lab2oac
Wed Jun 10 08:11:55 2026
Quartus II 64-Bit Version 13.1.0 Build 162 10/23/2013 SJ Web Edition


---------------------
; Table of Contents ;
---------------------
  1. Legal Notice
  2. Flow Summary
  3. Flow Settings
  4. Flow Non-Default Global Settings
  5. Flow Elapsed Time
  6. Flow OS Summary
  7. Flow Log
  8. Flow Messages
  9. Flow Suppressed Messages



----------------
; Legal Notice ;
----------------
Copyright (C) 1991-2013 Altera Corporation
Your use of Altera Corporation's design tools, logic functions 
and other software and tools, and its AMPP partner logic 
functions, and any output files from any of the foregoing 
(including device programming or simulation files), and any 
associated documentation or information are expressly subject 
to the terms and conditions of the Altera Program License 
Subscription Agreement, Altera MegaCore Function License 
Agreement, or other applicable license agreement, including, 
without limitation, that your use is for the sole purpose of 
programming logic devices manufactured by Altera and sold by 
Altera or its authorized distributors.  Please refer to the 
applicable agreement for further details.



+---------------------------------------------------------------------------------+
; Flow Summary                                                                    ;
+------------------------------------+--------------------------------------------+
; Flow Status                        ; Successful - Wed Jun 10 08:11:55 2026      ;
; Quartus II 64-Bit Version          ; 13.1.0 Build 162 10/23/2013 SJ Web Edition ;
; Revision Name                      ; lab2oac                                    ;
; Top-level Entity Name              ; teste                                      ;
; Family                             ; Cyclone IV GX                              ;
; Total logic elements               ; 0 / 14,400 ( 0 % )                         ;
;     Total combinational functions  ; 0 / 14,400 ( 0 % )                         ;
;     Dedicated logic registers      ; 0 / 14,400 ( 0 % )                         ;
; Total registers                    ; 0                                          ;
; Total pins                         ; 32 / 81 ( 40 % )                           ;
; Total virtual pins                 ; 0                                          ;
; Total memory bits                  ; 0 / 552,960 ( 0 % )                        ;
; Embedded Multiplier 9-bit elements ; 0                                          ;
; Total GXB Receiver Channel PCS     ; 0 / 2 ( 0 % )                              ;
; Total GXB Receiver Channel PMA     ; 0 / 2 ( 0 % )                              ;
; Total GXB Transmitter Channel PCS  ; 0 / 2 ( 0 % )                              ;
; Total GXB Transmitter Channel PMA  ; 0 / 2 ( 0 % )                              ;
; Total PLLs                         ; 0 / 3 ( 0 % )                              ;
; Device                             ; EP4CGX15BF14C6                             ;
; Timing Models                      ; Final                                      ;
+------------------------------------+--------------------------------------------+


+-----------------------------------------+
; Flow Settings                           ;
+-------------------+---------------------+
; Option            ; Setting             ;
+-------------------+---------------------+
; Start date & time ; 06/10/2026 08:09:14 ;
; Main task         ; Compilation         ;
; Revision Name     ; lab2oac             ;
+-------------------+---------------------+


+--------------------------------------------------------------------------------------------------------------------------------------------------------+
; Flow Non-Default Global Settings                                                                                                                       ;
+-------------------------------------+-------------------------------------------------------------------+---------------+-------------+----------------+
; Assignment Name                     ; Value                                                             ; Default Value ; Entity Name ; Section Id     ;
+-------------------------------------+-------------------------------------------------------------------+---------------+-------------+----------------+
; COMPILER_SIGNATURE_ID               ; 185479153989929.178108975321724                                   ; --            ; --          ; --             ;
; EDA_GENERATE_FUNCTIONAL_NETLIST     ; On                                                                ; --            ; --          ; eda_simulation ;
; EDA_NETLIST_WRITER_OUTPUT_DIR       ; C:/Users/gened/projects/Processador-RISC-V32/src/simulation/qsim/ ; --            ; --          ; eda_simulation ;
; EDA_OUTPUT_DATA_FORMAT              ; Systemverilog Hdl                                                 ; --            ; --          ; eda_simulation ;
; EDA_SIMULATION_TOOL                 ; ModelSim-Altera (SystemVerilog)                                   ; <None>        ; --          ; --             ;
; EDA_TIME_SCALE                      ; 1 ps                                                              ; --            ; --          ; eda_simulation ;
; PARTITION_COLOR                     ; 16764057                                                          ; --            ; teste       ; Top            ;
; PARTITION_FITTER_PRESERVATION_LEVEL ; PLACEMENT_AND_ROUTING                                             ; --            ; teste       ; Top            ;
; PARTITION_NETLIST_TYPE              ; SOURCE                                                            ; --            ; teste       ; Top            ;
; PROJECT_OUTPUT_DIRECTORY            ; output_files                                                      ; --            ; --          ; --             ;
; TOP_LEVEL_ENTITY                    ; teste                                                             ; lab2oac       ; --          ; --             ;
+-------------------------------------+-------------------------------------------------------------------+---------------+-------------+----------------+


+-------------------------------------------------------------------------------------------------------------------------------+
; Flow Elapsed Time                                                                                                             ;
+---------------------------+--------------+-------------------------+---------------------+------------------------------------+
; Module Name               ; Elapsed Time ; Average Processors Used ; Peak Virtual Memory ; Total CPU Time (on all processors) ;
+---------------------------+--------------+-------------------------+---------------------+------------------------------------+
; Analysis & Synthesis      ; 00:00:19     ; 1.0                     ; 4674 MB             ; 00:00:04                           ;
; Fitter                    ; 00:00:48     ; 1.3                     ; 5387 MB             ; 00:00:18                           ;
; Assembler                 ; 00:00:07     ; 1.0                     ; 4652 MB             ; 00:00:03                           ;
; TimeQuest Timing Analyzer ; 00:00:11     ; 1.0                     ; 4675 MB             ; 00:00:06                           ;
; EDA Netlist Writer        ; 00:00:03     ; 1.0                     ; 4597 MB             ; 00:00:01                           ;
; EDA Netlist Writer        ; 00:00:11     ; 1.0                     ; 4609 MB             ; 00:00:03                           ;
; EDA Netlist Writer        ; 00:00:04     ; 1.0                     ; 4609 MB             ; 00:00:02                           ;
; Total                     ; 00:01:43     ; --                      ; --                  ; 00:00:37                           ;
+---------------------------+--------------+-------------------------+---------------------+------------------------------------+


+-----------------------------------------------------------------------------------------+
; Flow OS Summary                                                                         ;
+---------------------------+-------------------+-----------+------------+----------------+
; Module Name               ; Machine Hostname  ; OS Name   ; OS Version ; Processor type ;
+---------------------------+-------------------+-----------+------------+----------------+
; Analysis & Synthesis      ; Laptop-HP-Genedio ; Windows 7 ; 6.2        ; x86_64         ;
; Fitter                    ; Laptop-HP-Genedio ; Windows 7 ; 6.2        ; x86_64         ;
; Assembler                 ; Laptop-HP-Genedio ; Windows 7 ; 6.2        ; x86_64         ;
; TimeQuest Timing Analyzer ; Laptop-HP-Genedio ; Windows 7 ; 6.2        ; x86_64         ;
; EDA Netlist Writer        ; Laptop-HP-Genedio ; Windows 7 ; 6.2        ; x86_64         ;
; EDA Netlist Writer        ; Laptop-HP-Genedio ; Windows 7 ; 6.2        ; x86_64         ;
; EDA Netlist Writer        ; Laptop-HP-Genedio ; Windows 7 ; 6.2        ; x86_64         ;
+---------------------------+-------------------+-----------+------------+----------------+


------------
; Flow Log ;
------------
quartus_map --read_settings_files=on --write_settings_files=off lab2oac -c lab2oac
quartus_fit --read_settings_files=off --write_settings_files=off lab2oac -c lab2oac
quartus_asm --read_settings_files=off --write_settings_files=off lab2oac -c lab2oac
quartus_sta lab2oac -c lab2oac
quartus_eda --read_settings_files=off --write_settings_files=off lab2oac -c lab2oac
quartus_eda --gen_testbench --check_outputs=on --tool=modelsim_oem --format=verilog lab2oac -c lab2oac --vector_source=C:/Users/gened/projects/Processador-RISC-V32/src/Waveform10.vwf --testbench_file=C:/Users/gened/projects/Processador-RISC-V32/src/simulation/qsim/Waveform10.vwf.vt
quartus_eda --functional=on --flatten_buses=off --simulation=on --tool=modelsim_oem --format=verilog --output_directory=C:/Users/gened/projects/Processador-RISC-V32/src/simulation/qsim/ lab2oac -c lab2oac



